2024-12-23 23:20:01,817 Adding VLAN 10 with name TestVLAN
2024-12-23 23:20:01,817 Connecting to switch...
2024-12-23 23:20:02,840 read_channel: 

User Access Verification

Username: 
2024-12-23 23:20:02,841 write_channel: b'WEB\r'
2024-12-23 23:20:03,847 read_channel: WEB
Password: 
2024-12-23 23:20:03,854 write_channel: b'********\r'
2024-12-23 23:20:04,356 read_channel: 
IOU1#
2024-12-23 23:20:04,356 write_channel: b'\r\n'
2024-12-23 23:20:04,459 write_channel: b'terminal width 511\r\n'
2024-12-23 23:20:04,459 read_channel: 
IOU1#
2024-12-23 23:20:04,471 read_channel: t
2024-12-23 23:20:04,482 read_channel: er
2024-12-23 23:20:04,493 read_channel: 
2024-12-23 23:20:04,505 read_channel: mi
2024-12-23 23:20:04,516 read_channel: na
2024-12-23 23:20:04,527 read_channel: 
2024-12-23 23:20:04,538 read_channel: l
2024-12-23 23:20:04,549 read_channel:  
2024-12-23 23:20:04,561 read_channel: w
2024-12-23 23:20:04,572 read_channel: i
2024-12-23 23:20:04,583 read_channel: dt
2024-12-23 23:20:04,594 read_channel: h 
2024-12-23 23:20:04,605 read_channel: 
2024-12-23 23:20:04,616 read_channel: 5
2024-12-23 23:20:04,627 read_channel: 1
2024-12-23 23:20:04,638 read_channel: 
2024-12-23 23:20:04,649 read_channel: 1
IOU1#
2024-12-23 23:20:04,649 Pattern found: (terminal width 511) 
IOU1#terminal width 511
2024-12-23 23:20:04,649 In disable_paging
2024-12-23 23:20:04,650 Command: terminal length 0

2024-12-23 23:20:04,650 write_channel: b'terminal length 0\r\n'
2024-12-23 23:20:04,650 read_channel: 
2024-12-23 23:20:04,662 read_channel: t
2024-12-23 23:20:04,673 read_channel: e
2024-12-23 23:20:04,684 read_channel: 
2024-12-23 23:20:04,696 read_channel: r
2024-12-23 23:20:04,707 read_channel: mi
2024-12-23 23:20:04,718 read_channel: n
2024-12-23 23:20:04,729 read_channel: 
2024-12-23 23:20:04,740 read_channel: a
2024-12-23 23:20:04,751 read_channel: l
2024-12-23 23:20:04,762 read_channel:  
2024-12-23 23:20:04,773 read_channel: l
2024-12-23 23:20:04,784 read_channel: e
2024-12-23 23:20:04,795 read_channel: ng
2024-12-23 23:20:04,806 read_channel: t
2024-12-23 23:20:04,817 read_channel: h
2024-12-23 23:20:04,828 read_channel: 
2024-12-23 23:20:04,839 read_channel:  
2024-12-23 23:20:04,850 read_channel: 0
2024-12-23 23:20:04,850 Pattern found: (terminal\ length\ 0) 
IOU1#terminal length 0
2024-12-23 23:20:04,851 
IOU1#terminal length 0
2024-12-23 23:20:04,851 Exiting disable_paging
2024-12-23 23:20:04,862 read_channel: 
IOU1#
2024-12-23 23:20:04,865 Clear buffer detects data in the channel
2024-12-23 23:20:04,905 read_channel: 
2024-12-23 23:20:04,909 write_channel: b'\r\n'
2024-12-23 23:20:04,910 read_channel: 
2024-12-23 23:20:04,922 read_channel: 
IOU1#
2024-12-23 23:20:04,923 
Parenthesis found in pattern.

pattern: (\#|>)


This can be problemtic when used in read_until_pattern().

You should ensure that you use either non-capture groups i.e. '(?:' or that the
parenthesis completely wrap the pattern '(pattern)'
2024-12-23 23:20:04,923 Pattern found: (\#|>) 
IOU1#
2024-12-23 23:20:04,934 read_channel: 
2024-12-23 23:20:04,935 [find_prompt()]: prompt is IOU1#
2024-12-23 23:20:04,936 write_channel: b'\r\n'
2024-12-23 23:20:04,936 read_channel: 
2024-12-23 23:20:04,947 read_channel: 
IOU1#
2024-12-23 23:20:04,947 Pattern found: ([>#]) 
IOU1#
2024-12-23 23:20:04,948 write_channel: b'configure terminal\r\n'
2024-12-23 23:20:04,948 read_channel: 
2024-12-23 23:20:04,959 read_channel: c
2024-12-23 23:20:04,971 read_channel: o
2024-12-23 23:20:04,982 read_channel: 
2024-12-23 23:20:04,993 read_channel: n
2024-12-23 23:20:05,006 read_channel: f
2024-12-23 23:20:05,017 read_channel: 
2024-12-23 23:20:05,028 read_channel: i
2024-12-23 23:20:05,039 read_channel: gu
2024-12-23 23:20:05,050 read_channel: r
2024-12-23 23:20:05,062 read_channel: e
2024-12-23 23:20:05,073 read_channel:  
2024-12-23 23:20:05,085 read_channel: t
2024-12-23 23:20:05,096 read_channel: 
2024-12-23 23:20:05,109 read_channel: er
2024-12-23 23:20:05,120 read_channel: m
2024-12-23 23:20:05,131 read_channel: i
2024-12-23 23:20:05,143 read_channel: 
2024-12-23 23:20:05,154 read_channel: na
2024-12-23 23:20:05,165 read_channel: l
Enter configuration commands, one per line.  End with CNTL/Z.
IOU1(config)#
2024-12-23 23:20:05,166 Pattern found: (configure\ terminal) configure terminal
2024-12-23 23:20:05,166 read_channel: 
2024-12-23 23:20:05,167 Pattern found: (IOU1.*) 
Enter configuration commands, one per line.  End with CNTL/Z.
IOU1(config)#
2024-12-23 23:20:05,168 write_channel: b'\r\n'
2024-12-23 23:20:05,169 read_channel: 
2024-12-23 23:20:05,181 read_channel: 
IOU1(config)#
2024-12-23 23:20:05,181 Pattern found: ([>#]) 
IOU1(config)#
2024-12-23 23:20:05,182 write_channel: b'vlan 10\r\n'
2024-12-23 23:20:05,182 read_channel: 
2024-12-23 23:20:05,193 read_channel: vl
2024-12-23 23:20:05,204 read_channel: 
2024-12-23 23:20:05,215 read_channel: a
2024-12-23 23:20:05,226 read_channel: n
2024-12-23 23:20:05,238 read_channel: 
2024-12-23 23:20:05,249 read_channel:  
2024-12-23 23:20:05,260 read_channel: 1
2024-12-23 23:20:05,272 read_channel: 0
2024-12-23 23:20:05,273 Pattern found: (vlan\ 10) vlan 10
2024-12-23 23:20:05,273 read_channel: 
2024-12-23 23:20:05,284 read_channel: 
2024-12-23 23:20:05,295 read_channel: 
IOU1(config-vlan)#
2024-12-23 23:20:05,296 Pattern found: ((?:IOU1.*$|#.*$)) 
IOU1(config-vlan)#
2024-12-23 23:20:05,296 write_channel: b'name TestVLAN\r\n'
2024-12-23 23:20:05,296 read_channel: 
2024-12-23 23:20:05,308 read_channel: n
2024-12-23 23:20:05,327 read_channel: a
2024-12-23 23:20:05,339 read_channel: m
2024-12-23 23:20:05,351 read_channel: e
2024-12-23 23:20:05,362 read_channel: 
2024-12-23 23:20:05,373 read_channel:  
2024-12-23 23:20:05,384 read_channel: 
2024-12-23 23:20:05,395 read_channel: T
2024-12-23 23:20:05,406 read_channel: e
2024-12-23 23:20:05,417 read_channel: s
2024-12-23 23:20:05,429 read_channel: 
2024-12-23 23:20:05,441 read_channel: t
2024-12-23 23:20:05,452 read_channel: V
2024-12-23 23:20:05,464 read_channel: L
2024-12-23 23:20:05,475 read_channel: 
2024-12-23 23:20:05,486 read_channel: AN
2024-12-23 23:20:05,486 Pattern found: (name\ TestVLAN) name TestVLAN
2024-12-23 23:20:05,487 read_channel: 
2024-12-23 23:20:05,498 read_channel: 
IOU1(config-vlan)#
2024-12-23 23:20:05,498 Pattern found: ((?:IOU1.*$|#.*$)) 
IOU1(config-vlan)#
2024-12-23 23:20:05,499 write_channel: b'\r\n'
2024-12-23 23:20:05,499 read_channel: 
2024-12-23 23:20:05,510 read_channel: 
IOU1(config-vlan)#
2024-12-23 23:20:05,510 Pattern found: ([>#]) 
IOU1(config-vlan)#
2024-12-23 23:20:05,511 write_channel: b'end\r\n'
2024-12-23 23:20:05,511 read_channel: 
2024-12-23 23:20:05,522 read_channel: e
2024-12-23 23:20:05,535 read_channel: n
2024-12-23 23:20:05,547 read_channel: d
2024-12-23 23:20:05,547 Pattern found: (end) end
2024-12-23 23:20:05,548 read_channel: 
2024-12-23 23:20:05,559 read_channel: 

2024-12-23 23:20:05,570 read_channel: IOU1#
2024-12-23 23:20:05,571 Pattern found: (#.*) 
IOU1#
2024-12-23 23:20:05,571 write_channel: b'\r\n'
2024-12-23 23:20:05,572 read_channel: 
2024-12-23 23:20:05,583 read_channel: 
IOU1#
2024-12-23 23:20:05,583 Pattern found: ([>#]) 
IOU1#
2024-12-23 23:20:05,584 exit_config_mode: end
IOU1#
2024-12-23 23:20:05,584 configure terminal
Enter configuration commands, one per line.  End with CNTL/Z.
IOU1(config)#vlan 10
IOU1(config-vlan)#name TestVLAN
IOU1(config-vlan)#end
IOU1#
2024-12-23 23:20:05,585 write_channel: b'\r\n'
2024-12-23 23:20:05,586 read_channel: 
2024-12-23 23:20:05,597 read_channel: 
IOU1#
2024-12-23 23:20:05,597 Pattern found: ([>#]) 
IOU1#
2024-12-23 23:20:05,597 write_channel: b'exit\r\n'
2024-12-23 23:20:05,598 VLAN 10 added successfully.
2024-12-23 23:24:51,326 Adding VLAN 20 with name Romeissa
2024-12-23 23:24:51,327 Connecting to switch...
2024-12-23 23:24:52,342 read_channel: 

User Access Verification

Username: 
2024-12-23 23:24:52,343 write_channel: b'WEB\r'
2024-12-23 23:24:53,344 read_channel: WEB
Password: 
2024-12-23 23:24:53,344 write_channel: b'********\r'
2024-12-23 23:24:53,846 read_channel: 
IOU1#
2024-12-23 23:24:53,846 write_channel: b'\r\n'
2024-12-23 23:24:53,947 write_channel: b'terminal width 511\r\n'
2024-12-23 23:24:53,947 read_channel: 
IOU1#
2024-12-23 23:24:53,958 read_channel: te
2024-12-23 23:24:53,969 read_channel: rm
2024-12-23 23:24:53,980 read_channel: ina
2024-12-23 23:24:53,991 read_channel: l 
2024-12-23 23:24:54,002 read_channel: wi
2024-12-23 23:24:54,013 read_channel: dt
2024-12-23 23:24:54,024 read_channel: h 
2024-12-23 23:24:54,035 read_channel: 51
2024-12-23 23:24:54,046 read_channel: 1

2024-12-23 23:24:54,046 Pattern found: (terminal width 511) 
IOU1#terminal width 511
2024-12-23 23:24:54,046 In disable_paging
2024-12-23 23:24:54,046 Command: terminal length 0

2024-12-23 23:24:54,047 write_channel: b'terminal length 0\r\n'
2024-12-23 23:24:54,047 read_channel: IOU1#
2024-12-23 23:24:54,059 read_channel: ter
2024-12-23 23:24:54,069 read_channel: mi
2024-12-23 23:24:54,080 read_channel: na
2024-12-23 23:24:54,091 read_channel: l 
2024-12-23 23:24:54,102 read_channel: le
2024-12-23 23:24:54,113 read_channel: ng
2024-12-23 23:24:54,124 read_channel: t
2024-12-23 23:24:54,134 read_channel: h 0
2024-12-23 23:24:54,134 Pattern found: (terminal\ length\ 0) 
IOU1#terminal length 0
2024-12-23 23:24:54,134 
IOU1#terminal length 0
2024-12-23 23:24:54,134 Exiting disable_paging
2024-12-23 23:24:54,145 read_channel: 
IOU1#
2024-12-23 23:24:54,147 Clear buffer detects data in the channel
2024-12-23 23:24:54,168 read_channel: 
2024-12-23 23:24:54,168 write_channel: b'\r\n'
2024-12-23 23:24:54,168 read_channel: 
2024-12-23 23:24:54,180 read_channel: 
IOU1#
2024-12-23 23:24:54,180 
Parenthesis found in pattern.

pattern: (\#|>)


This can be problemtic when used in read_until_pattern().

You should ensure that you use either non-capture groups i.e. '(?:' or that the
parenthesis completely wrap the pattern '(pattern)'
2024-12-23 23:24:54,180 Pattern found: (\#|>) 
IOU1#
2024-12-23 23:24:54,191 read_channel: 
2024-12-23 23:24:54,191 [find_prompt()]: prompt is IOU1#
2024-12-23 23:24:54,192 write_channel: b'\r\n'
2024-12-23 23:24:54,192 read_channel: 
2024-12-23 23:24:54,203 read_channel: 
IOU1#
2024-12-23 23:24:54,203 Pattern found: ([>#]) 
IOU1#
2024-12-23 23:24:54,203 write_channel: b'configure terminal\r\n'
2024-12-23 23:24:54,204 read_channel: 
2024-12-23 23:24:54,215 read_channel: con
2024-12-23 23:24:54,226 read_channel: fi
2024-12-23 23:24:54,237 read_channel: gu
2024-12-23 23:24:54,248 read_channel: re
2024-12-23 23:24:54,259 read_channel:  t
2024-12-23 23:24:54,270 read_channel: er
2024-12-23 23:24:54,281 read_channel: mi
2024-12-23 23:24:54,292 read_channel: na
2024-12-23 23:24:54,303 read_channel: l
Enter configuration commands, one per line.  End with CNTL/Z.
IOU1(config)#
2024-12-23 23:24:54,303 Pattern found: (configure\ terminal) configure terminal
2024-12-23 23:24:54,303 read_channel: 
2024-12-23 23:24:54,304 Pattern found: (IOU1.*) 
Enter configuration commands, one per line.  End with CNTL/Z.
IOU1(config)#
2024-12-23 23:24:54,304 write_channel: b'\r\n'
2024-12-23 23:24:54,304 read_channel: 
2024-12-23 23:24:54,315 read_channel: 
IOU1(config)#
2024-12-23 23:24:54,315 Pattern found: ([>#]) 
IOU1(config)#
2024-12-23 23:24:54,315 write_channel: b'vlan 20\r\n'
2024-12-23 23:24:54,315 read_channel: 
2024-12-23 23:24:54,327 read_channel: vla
2024-12-23 23:24:54,339 read_channel: n 
2024-12-23 23:24:54,350 read_channel: 20
2024-12-23 23:24:54,350 Pattern found: (vlan\ 20) vlan 20
2024-12-23 23:24:54,350 read_channel: 
2024-12-23 23:24:54,362 read_channel: 
IOU1(config-vlan)#
2024-12-23 23:24:54,362 Pattern found: ((?:IOU1.*$|#.*$)) 
IOU1(config-vlan)#
2024-12-23 23:24:54,363 write_channel: b'name Romeissa\r\n'
2024-12-23 23:24:54,363 read_channel: 
2024-12-23 23:24:54,374 read_channel: na
2024-12-23 23:24:54,385 read_channel: me 
2024-12-23 23:24:54,396 read_channel: Ro
2024-12-23 23:24:54,406 read_channel: me
2024-12-23 23:24:54,417 read_channel: is
2024-12-23 23:24:54,428 read_channel: sa
2024-12-23 23:24:54,428 Pattern found: (name\ Romeissa) name Romeissa
2024-12-23 23:24:54,428 read_channel: 
2024-12-23 23:24:54,439 read_channel: 
IOU1(config-vlan)#
2024-12-23 23:24:54,439 Pattern found: ((?:IOU1.*$|#.*$)) 
IOU1(config-vlan)#
2024-12-23 23:24:54,440 write_channel: b'\r\n'
2024-12-23 23:24:54,440 read_channel: 
2024-12-23 23:24:54,450 read_channel: 
IOU1(config-vlan)#
2024-12-23 23:24:54,450 Pattern found: ([>#]) 
IOU1(config-vlan)#
2024-12-23 23:24:54,451 write_channel: b'end\r\n'
2024-12-23 23:24:54,451 read_channel: 
2024-12-23 23:24:54,462 read_channel: en
2024-12-23 23:24:54,473 read_channel: d
IOU1#
2024-12-23 23:24:54,473 Pattern found: (end) end
2024-12-23 23:24:54,473 read_channel: 
2024-12-23 23:24:54,473 Pattern found: (#.*) 
IOU1#
2024-12-23 23:24:54,474 write_channel: b'\r\n'
2024-12-23 23:24:54,474 read_channel: 
2024-12-23 23:24:54,485 read_channel: 
IOU1#
2024-12-23 23:24:54,485 Pattern found: ([>#]) 
IOU1#
2024-12-23 23:24:54,485 exit_config_mode: end
IOU1#
2024-12-23 23:24:54,486 configure terminal
Enter configuration commands, one per line.  End with CNTL/Z.
IOU1(config)#vlan 20
IOU1(config-vlan)#name Romeissa
IOU1(config-vlan)#end
IOU1#
2024-12-23 23:24:54,486 write_channel: b'\r\n'
2024-12-23 23:24:54,486 read_channel: 
2024-12-23 23:24:54,497 read_channel: 
IOU1#
2024-12-23 23:24:54,497 Pattern found: ([>#]) 
IOU1#
2024-12-23 23:24:54,498 write_channel: b'exit\r\n'
2024-12-23 23:24:54,498 VLAN 20 added successfully.
2024-12-23 23:26:09,452 Deleting VLAN with id 10
2024-12-23 23:26:09,452 Connecting to switch...
2024-12-23 23:26:10,462 read_channel: 

User Access Verification

Username: 
2024-12-23 23:26:10,462 write_channel: b'WEB\r'
2024-12-23 23:26:11,463 read_channel: WEB
Password: 
2024-12-23 23:26:11,463 write_channel: b'********\r'
2024-12-23 23:26:11,964 read_channel: 
IOU1#
2024-12-23 23:26:11,965 write_channel: b'\r\n'
2024-12-23 23:26:12,065 write_channel: b'terminal width 511\r\n'
2024-12-23 23:26:12,065 read_channel: 
IOU1#
2024-12-23 23:26:12,076 read_channel: te
2024-12-23 23:26:12,087 read_channel: rmi
2024-12-23 23:26:12,098 read_channel: na
2024-12-23 23:26:12,108 read_channel: l 
2024-12-23 23:26:12,119 read_channel: wi
2024-12-23 23:26:12,130 read_channel: dt
2024-12-23 23:26:12,141 read_channel: h 
2024-12-23 23:26:12,152 read_channel: 51
2024-12-23 23:26:12,162 read_channel: 1
IOU1#
2024-12-23 23:26:12,163 Pattern found: (terminal width 511) 
IOU1#terminal width 511
2024-12-23 23:26:12,163 In disable_paging
2024-12-23 23:26:12,163 Command: terminal length 0

2024-12-23 23:26:12,163 write_channel: b'terminal length 0\r\n'
2024-12-23 23:26:12,163 read_channel: 
2024-12-23 23:26:12,175 read_channel: ter
2024-12-23 23:26:12,187 read_channel: mi
2024-12-23 23:26:12,198 read_channel: na
2024-12-23 23:26:12,209 read_channel: l 
2024-12-23 23:26:12,220 read_channel: le
2024-12-23 23:26:12,230 read_channel: ng
2024-12-23 23:26:12,241 read_channel: t
2024-12-23 23:26:12,252 read_channel: h 0
2024-12-23 23:26:12,252 Pattern found: (terminal\ length\ 0) 
IOU1#terminal length 0
2024-12-23 23:26:12,253 
IOU1#terminal length 0
2024-12-23 23:26:12,253 Exiting disable_paging
2024-12-23 23:26:12,263 read_channel: 
IOU1#
2024-12-23 23:26:12,267 Clear buffer detects data in the channel
2024-12-23 23:26:12,288 read_channel: 
2024-12-23 23:26:12,288 write_channel: b'\r\n'
2024-12-23 23:26:12,288 read_channel: 
2024-12-23 23:26:12,299 read_channel: 
IOU1#
2024-12-23 23:26:12,300 
Parenthesis found in pattern.

pattern: (\#|>)


This can be problemtic when used in read_until_pattern().

You should ensure that you use either non-capture groups i.e. '(?:' or that the
parenthesis completely wrap the pattern '(pattern)'
2024-12-23 23:26:12,300 Pattern found: (\#|>) 
IOU1#
2024-12-23 23:26:12,310 read_channel: 
2024-12-23 23:26:12,310 [find_prompt()]: prompt is IOU1#
2024-12-23 23:26:12,311 write_channel: b'\r\n'
2024-12-23 23:26:12,311 read_channel: 
2024-12-23 23:26:12,322 read_channel: 
IOU1#
2024-12-23 23:26:12,322 Pattern found: ([>#]) 
IOU1#
2024-12-23 23:26:12,322 write_channel: b'configure terminal\r\n'
2024-12-23 23:26:12,323 read_channel: 
2024-12-23 23:26:12,334 read_channel: co
2024-12-23 23:26:12,344 read_channel: nfi
2024-12-23 23:26:12,355 read_channel: g
2024-12-23 23:26:12,366 read_channel: ur
2024-12-23 23:26:12,377 read_channel: e 
2024-12-23 23:26:12,387 read_channel: ter
2024-12-23 23:26:12,398 read_channel: mi
2024-12-23 23:26:12,409 read_channel: na
2024-12-23 23:26:12,420 read_channel: l
Enter configuration commands, one per line.  End with CNTL/Z.
IOU1(config)#
2024-12-23 23:26:12,420 Pattern found: (configure\ terminal) configure terminal
2024-12-23 23:26:12,421 read_channel: 
2024-12-23 23:26:12,421 Pattern found: (IOU1.*) 
Enter configuration commands, one per line.  End with CNTL/Z.
IOU1(config)#
2024-12-23 23:26:12,421 write_channel: b'\r\n'
2024-12-23 23:26:12,421 read_channel: 
2024-12-23 23:26:12,432 read_channel: 
IOU1(config)#
2024-12-23 23:26:12,432 Pattern found: ([>#]) 
IOU1(config)#
2024-12-23 23:26:12,432 write_channel: b'no vlan 10\r\n'
2024-12-23 23:26:12,433 read_channel: 
2024-12-23 23:26:12,444 read_channel: no
2024-12-23 23:26:12,455 read_channel:  v
2024-12-23 23:26:12,466 read_channel: la
2024-12-23 23:26:12,476 read_channel: n 
2024-12-23 23:26:12,487 read_channel: 10
IOU1(config)#
2024-12-23 23:26:12,488 Pattern found: (no\ vlan\ 10) no vlan 10
2024-12-23 23:26:12,488 read_channel: 
2024-12-23 23:26:12,488 Pattern found: ((?:IOU1.*$|#.*$)) 
IOU1(config)#
2024-12-23 23:26:12,489 write_channel: b'\r\n'
2024-12-23 23:26:12,489 read_channel: 
2024-12-23 23:26:12,500 read_channel: 
IOU1(config)#
2024-12-23 23:26:12,500 Pattern found: ([>#]) 
IOU1(config)#
2024-12-23 23:26:12,500 write_channel: b'end\r\n'
2024-12-23 23:26:12,500 read_channel: 
2024-12-23 23:26:12,511 read_channel: en
2024-12-23 23:26:12,522 read_channel: d
IOU1#
2024-12-23 23:26:12,522 Pattern found: (end) end
2024-12-23 23:26:12,522 read_channel: 
2024-12-23 23:26:12,523 Pattern found: (#.*) 
IOU1#
2024-12-23 23:26:12,523 write_channel: b'\r\n'
2024-12-23 23:26:12,523 read_channel: 
2024-12-23 23:26:12,533 read_channel: 
IOU1#
2024-12-23 23:26:12,534 Pattern found: ([>#]) 
IOU1#
2024-12-23 23:26:12,534 exit_config_mode: end
IOU1#
2024-12-23 23:26:12,534 configure terminal
Enter configuration commands, one per line.  End with CNTL/Z.
IOU1(config)#no vlan 10
IOU1(config)#end
IOU1#
2024-12-23 23:26:12,534 write_channel: b'\r\n'
2024-12-23 23:26:12,535 read_channel: 
2024-12-23 23:26:12,545 read_channel: 
IOU1#
2024-12-23 23:26:12,546 Pattern found: ([>#]) 
IOU1#
2024-12-23 23:26:12,546 write_channel: b'exit\r\n'
2024-12-23 23:26:12,546 VLAN 10 deleted successfully.
2024-12-23 23:26:45,708 Modifying VLAN 20 with name IT
2024-12-23 23:26:45,709 Connecting to switch...
2024-12-23 23:26:46,720 read_channel: 

User Access Verification

Username: 
2024-12-23 23:26:46,720 write_channel: b'WEB\r'
2024-12-23 23:26:47,721 read_channel: WEB
Password: 
2024-12-23 23:26:47,722 write_channel: b'********\r'
2024-12-23 23:26:48,223 read_channel: 
IOU1#
2024-12-23 23:26:48,223 write_channel: b'\r\n'
2024-12-23 23:26:48,324 write_channel: b'terminal width 511\r\n'
2024-12-23 23:26:48,324 read_channel: 
IOU1#
2024-12-23 23:26:48,336 read_channel: te
2024-12-23 23:26:48,347 read_channel: rm
2024-12-23 23:26:48,358 read_channel: in
2024-12-23 23:26:48,369 read_channel: al
2024-12-23 23:26:48,379 read_channel:  wi
2024-12-23 23:26:48,390 read_channel: d
2024-12-23 23:26:48,401 read_channel: th 
2024-12-23 23:26:48,412 read_channel: 51
2024-12-23 23:26:48,423 read_channel: 1
2024-12-23 23:26:48,423 Pattern found: (terminal width 511) 
IOU1#terminal width 511
2024-12-23 23:26:48,423 In disable_paging
2024-12-23 23:26:48,423 Command: terminal length 0

2024-12-23 23:26:48,423 write_channel: b'terminal length 0\r\n'
2024-12-23 23:26:48,424 read_channel: 
IOU1#
2024-12-23 23:26:48,435 read_channel: t
2024-12-23 23:26:48,446 read_channel: er
2024-12-23 23:26:48,457 read_channel: mi
2024-12-23 23:26:48,467 read_channel: na
2024-12-23 23:26:48,478 read_channel: l 
2024-12-23 23:26:48,489 read_channel: le
2024-12-23 23:26:48,500 read_channel: ng
2024-12-23 23:26:48,510 read_channel: th
2024-12-23 23:26:48,522 read_channel:  0
2024-12-23 23:26:48,522 Pattern found: (terminal\ length\ 0) 
IOU1#terminal length 0
2024-12-23 23:26:48,522 
IOU1#terminal length 0
2024-12-23 23:26:48,522 Exiting disable_paging
2024-12-23 23:26:48,533 read_channel: 
IOU1#
2024-12-23 23:26:48,536 Clear buffer detects data in the channel
2024-12-23 23:26:48,556 read_channel: 
2024-12-23 23:26:48,556 write_channel: b'\r\n'
2024-12-23 23:26:48,556 read_channel: 
2024-12-23 23:26:48,567 read_channel: 
IOU1#
2024-12-23 23:26:48,567 
Parenthesis found in pattern.

pattern: (\#|>)


This can be problemtic when used in read_until_pattern().

You should ensure that you use either non-capture groups i.e. '(?:' or that the
parenthesis completely wrap the pattern '(pattern)'
2024-12-23 23:26:48,568 Pattern found: (\#|>) 
IOU1#
2024-12-23 23:26:48,579 read_channel: 
2024-12-23 23:26:48,579 [find_prompt()]: prompt is IOU1#
2024-12-23 23:26:48,579 write_channel: b'\r\n'
2024-12-23 23:26:48,579 read_channel: 
2024-12-23 23:26:48,590 read_channel: 
IOU1#
2024-12-23 23:26:48,591 Pattern found: ([>#]) 
IOU1#
2024-12-23 23:26:48,591 write_channel: b'configure terminal\r\n'
2024-12-23 23:26:48,591 read_channel: 
2024-12-23 23:26:48,602 read_channel: co
2024-12-23 23:26:48,612 read_channel: nfi
2024-12-23 23:26:48,623 read_channel: gu
2024-12-23 23:26:48,634 read_channel: re
2024-12-23 23:26:48,644 read_channel:  t
2024-12-23 23:26:48,655 read_channel: er
2024-12-23 23:26:48,666 read_channel: mi
2024-12-23 23:26:48,677 read_channel: na
2024-12-23 23:26:48,688 read_channel: l
Enter configuration commands, one per line.  End with CNTL/Z.
IOU1(config)#
2024-12-23 23:26:48,688 Pattern found: (configure\ terminal) configure terminal
2024-12-23 23:26:48,688 read_channel: 
2024-12-23 23:26:48,689 Pattern found: (IOU1.*) 
Enter configuration commands, one per line.  End with CNTL/Z.
IOU1(config)#
2024-12-23 23:26:48,689 write_channel: b'\r\n'
2024-12-23 23:26:48,689 read_channel: 
2024-12-23 23:26:48,700 read_channel: 
IOU1(config)#
2024-12-23 23:26:48,700 Pattern found: ([>#]) 
IOU1(config)#
2024-12-23 23:26:48,701 write_channel: b'vlan 20\r\n'
2024-12-23 23:26:48,701 read_channel: 
2024-12-23 23:26:48,712 read_channel: vl
2024-12-23 23:26:48,722 read_channel: an 
2024-12-23 23:26:48,733 read_channel: 2
2024-12-23 23:26:48,744 read_channel: 0
IOU1(config-vlan)#
2024-12-23 23:26:48,745 Pattern found: (vlan\ 20) vlan 20
2024-12-23 23:26:48,745 read_channel: 
2024-12-23 23:26:48,745 Pattern found: ((?:IOU1.*$|#.*$)) 
IOU1(config-vlan)#
2024-12-23 23:26:48,745 write_channel: b'name IT\r\n'
2024-12-23 23:26:48,745 read_channel: 
2024-12-23 23:26:48,757 read_channel: na
2024-12-23 23:26:48,768 read_channel: me
2024-12-23 23:26:48,778 read_channel:  IT
2024-12-23 23:26:48,778 Pattern found: (name\ IT) name IT
2024-12-23 23:26:48,779 read_channel: 
2024-12-23 23:26:48,790 read_channel: 
IOU1(config-vlan)#
2024-12-23 23:26:48,790 Pattern found: ((?:IOU1.*$|#.*$)) 
IOU1(config-vlan)#
2024-12-23 23:26:48,790 write_channel: b'\r\n'
2024-12-23 23:26:48,790 read_channel: 
2024-12-23 23:26:48,801 read_channel: 
IOU1(config-vlan)#
2024-12-23 23:26:48,801 Pattern found: ([>#]) 
IOU1(config-vlan)#
2024-12-23 23:26:48,802 write_channel: b'end\r\n'
2024-12-23 23:26:48,802 read_channel: 
2024-12-23 23:26:48,813 read_channel: en
2024-12-23 23:26:48,824 read_channel: d
IOU1#
2024-12-23 23:26:48,824 Pattern found: (end) end
2024-12-23 23:26:48,824 read_channel: 
2024-12-23 23:26:48,824 Pattern found: (#.*) 
IOU1#
2024-12-23 23:26:48,824 write_channel: b'\r\n'
2024-12-23 23:26:48,825 read_channel: 
2024-12-23 23:26:48,836 read_channel: 
IOU1#
2024-12-23 23:26:48,836 Pattern found: ([>#]) 
IOU1#
2024-12-23 23:26:48,836 exit_config_mode: end
IOU1#
2024-12-23 23:26:48,836 configure terminal
Enter configuration commands, one per line.  End with CNTL/Z.
IOU1(config)#vlan 20
IOU1(config-vlan)#name IT
IOU1(config-vlan)#end
IOU1#
2024-12-23 23:26:48,836 write_channel: b'\r\n'
2024-12-23 23:26:48,836 read_channel: 
2024-12-23 23:26:48,847 read_channel: 
IOU1#
2024-12-23 23:26:48,847 Pattern found: ([>#]) 
IOU1#
2024-12-23 23:26:48,848 write_channel: b'exit\r\n'
2024-12-23 23:26:48,848 VLAN 20 renamed to IT successfully.
2024-12-23 23:27:05,721 Modifying VLAN 10 with name IT
2024-12-23 23:27:05,721 Connecting to switch...
2024-12-23 23:27:06,733 read_channel: 

User Access Verification

Username: 
2024-12-23 23:27:06,733 write_channel: b'WEB\r'
2024-12-23 23:27:07,734 read_channel: WEB
Password: 
2024-12-23 23:27:07,735 write_channel: b'********\r'
2024-12-23 23:27:08,235 read_channel: 
IOU1#
2024-12-23 23:27:08,236 write_channel: b'\r\n'
2024-12-23 23:27:08,337 write_channel: b'terminal width 511\r\n'
2024-12-23 23:27:08,337 read_channel: 
IOU1#
2024-12-23 23:27:08,348 read_channel: te
2024-12-23 23:27:08,359 read_channel: rm
2024-12-23 23:27:08,369 read_channel: in
2024-12-23 23:27:08,380 read_channel: al 
2024-12-23 23:27:08,391 read_channel: wi
2024-12-23 23:27:08,402 read_channel: dt
2024-12-23 23:27:08,412 read_channel: h 
2024-12-23 23:27:08,423 read_channel: 51
2024-12-23 23:27:08,434 read_channel: 1
IOU1#
2024-12-23 23:27:08,434 Pattern found: (terminal width 511) 
IOU1#terminal width 511
2024-12-23 23:27:08,434 In disable_paging
2024-12-23 23:27:08,435 Command: terminal length 0

2024-12-23 23:27:08,435 write_channel: b'terminal length 0\r\n'
2024-12-23 23:27:08,435 read_channel: 
2024-12-23 23:27:08,445 read_channel: te
2024-12-23 23:27:08,456 read_channel: rmi
2024-12-23 23:27:08,467 read_channel: na
2024-12-23 23:27:08,478 read_channel: l 
2024-12-23 23:27:08,489 read_channel: le
2024-12-23 23:27:08,499 read_channel: ng
2024-12-23 23:27:08,510 read_channel: th 
2024-12-23 23:27:08,521 read_channel: 0

2024-12-23 23:27:08,521 Pattern found: (terminal\ length\ 0) 
IOU1#terminal length 0
2024-12-23 23:27:08,521 
IOU1#terminal length 0
2024-12-23 23:27:08,521 Exiting disable_paging
2024-12-23 23:27:08,532 read_channel: IOU1#
2024-12-23 23:27:08,534 Clear buffer detects data in the channel
2024-12-23 23:27:08,555 read_channel: 
2024-12-23 23:27:08,555 write_channel: b'\r\n'
2024-12-23 23:27:08,555 read_channel: 
2024-12-23 23:27:08,566 read_channel: 
IOU1#
2024-12-23 23:27:08,567 
Parenthesis found in pattern.

pattern: (\#|>)


This can be problemtic when used in read_until_pattern().

You should ensure that you use either non-capture groups i.e. '(?:' or that the
parenthesis completely wrap the pattern '(pattern)'
2024-12-23 23:27:08,567 Pattern found: (\#|>) 
IOU1#
2024-12-23 23:27:08,577 read_channel: 
2024-12-23 23:27:08,578 [find_prompt()]: prompt is IOU1#
2024-12-23 23:27:08,578 write_channel: b'\r\n'
2024-12-23 23:27:08,578 read_channel: 
2024-12-23 23:27:08,589 read_channel: 
IOU1#
2024-12-23 23:27:08,589 Pattern found: ([>#]) 
IOU1#
2024-12-23 23:27:08,589 write_channel: b'configure terminal\r\n'
2024-12-23 23:27:08,590 read_channel: 
2024-12-23 23:27:08,601 read_channel: co
2024-12-23 23:27:08,611 read_channel: nf
2024-12-23 23:27:08,622 read_channel: ig
2024-12-23 23:27:08,632 read_channel: ur
2024-12-23 23:27:08,643 read_channel: e t
2024-12-23 23:27:08,654 read_channel: e
2024-12-23 23:27:08,665 read_channel: rmi
2024-12-23 23:27:08,675 read_channel: n
2024-12-23 23:27:08,687 read_channel: al
Enter configuration commands, one per line.  End with CNTL/Z.
IOU1(config)#
2024-12-23 23:27:08,687 Pattern found: (configure\ terminal) configure terminal
2024-12-23 23:27:08,687 read_channel: 
2024-12-23 23:27:08,687 Pattern found: (IOU1.*) 
Enter configuration commands, one per line.  End with CNTL/Z.
IOU1(config)#
2024-12-23 23:27:08,688 write_channel: b'\r\n'
2024-12-23 23:27:08,688 read_channel: 
2024-12-23 23:27:08,698 read_channel: 
IOU1(config)#
2024-12-23 23:27:08,698 Pattern found: ([>#]) 
IOU1(config)#
2024-12-23 23:27:08,699 write_channel: b'vlan 10\r\n'
2024-12-23 23:27:08,699 read_channel: 
2024-12-23 23:27:08,710 read_channel: vl
2024-12-23 23:27:08,720 read_channel: an
2024-12-23 23:27:08,731 read_channel:  1
2024-12-23 23:27:08,741 read_channel: 0
IOU1(config-vlan)#
2024-12-23 23:27:08,742 Pattern found: (vlan\ 10) vlan 10
2024-12-23 23:27:08,742 read_channel: 
2024-12-23 23:27:08,742 Pattern found: ((?:IOU1.*$|#.*$)) 
IOU1(config-vlan)#
2024-12-23 23:27:08,743 write_channel: b'name IT\r\n'
2024-12-23 23:27:08,743 read_channel: 
2024-12-23 23:27:08,754 read_channel: na
2024-12-23 23:27:08,764 read_channel: me
2024-12-23 23:27:08,775 read_channel:  I
2024-12-23 23:27:08,786 read_channel: T
VLAN #10 and #20 have an identical name: IT
IOU1(config-vlan)#
2024-12-23 23:27:08,786 Pattern found: (name\ IT) name IT
2024-12-23 23:27:08,786 read_channel: 
2024-12-23 23:27:08,786 Pattern found: ((?:IOU1.*$|#.*$)) 
VLAN #10 and #20 have an identical name: IT
2024-12-23 23:27:08,786 write_channel: b'\r\n'
2024-12-23 23:27:08,787 read_channel: 
2024-12-23 23:27:08,787 Pattern found: ([>#]) 
IOU1(config-vlan)#
2024-12-23 23:27:08,787 write_channel: b'end\r\n'
2024-12-23 23:27:08,787 read_channel: 
2024-12-23 23:27:08,798 read_channel: 
IOU1(config-vlan)#e
2024-12-23 23:27:08,808 read_channel: nd
2024-12-23 23:27:08,809 Pattern found: (end) 
IOU1(config-vlan)#end
2024-12-23 23:27:08,809 read_channel: 
2024-12-23 23:27:08,819 read_channel: 
IOU1#
2024-12-23 23:27:08,820 Pattern found: (#.*) 
IOU1#
2024-12-23 23:27:08,820 write_channel: b'\r\n'
2024-12-23 23:27:08,820 read_channel: 
2024-12-23 23:27:08,831 read_channel: 
IOU1#
2024-12-23 23:27:08,831 Pattern found: ([>#]) 
IOU1#
2024-12-23 23:27:08,832 exit_config_mode: 
IOU1(config-vlan)#end
IOU1#
2024-12-23 23:27:08,832 configure terminal
Enter configuration commands, one per line.  End with CNTL/Z.
IOU1(config)#vlan 10
IOU1(config-vlan)#name IT
VLAN #10 and #20 have an identical name: IT
IOU1(config-vlan)#end
IOU1#
2024-12-23 23:27:08,832 write_channel: b'\r\n'
2024-12-23 23:27:08,832 read_channel: 
2024-12-23 23:27:08,843 read_channel: 
IOU1#
2024-12-23 23:27:08,843 Pattern found: ([>#]) 
IOU1#
2024-12-23 23:27:08,844 write_channel: b'exit\r\n'
2024-12-23 23:27:08,844 VLAN 10 renamed to IT successfully.
2024-12-23 23:27:42,370 Deleting VLAN with id 10
2024-12-23 23:27:42,371 Connecting to switch...
2024-12-23 23:27:43,381 read_channel: 

User Access Verification

Username: 
2024-12-23 23:27:43,382 write_channel: b'WEB\r'
2024-12-23 23:27:44,382 read_channel: WEB
Password: 
2024-12-23 23:27:44,383 write_channel: b'********\r'
2024-12-23 23:27:44,884 read_channel: 
IOU1#
2024-12-23 23:27:44,884 write_channel: b'\r\n'
2024-12-23 23:27:44,986 write_channel: b'terminal width 511\r\n'
2024-12-23 23:27:44,989 read_channel: 
IOU1#
2024-12-23 23:27:45,000 read_channel: te
2024-12-23 23:27:45,011 read_channel: rm
2024-12-23 23:27:45,022 read_channel: in
2024-12-23 23:27:45,033 read_channel: al 
2024-12-23 23:27:45,043 read_channel: wi
2024-12-23 23:27:45,054 read_channel: dt
2024-12-23 23:27:45,065 read_channel: h 
2024-12-23 23:27:45,076 read_channel: 51
2024-12-23 23:27:45,086 read_channel: 1
IOU1#
2024-12-23 23:27:45,087 Pattern found: (terminal width 511) 
IOU1#terminal width 511
2024-12-23 23:27:45,087 In disable_paging
2024-12-23 23:27:45,087 Command: terminal length 0

2024-12-23 23:27:45,088 write_channel: b'terminal length 0\r\n'
2024-12-23 23:27:45,088 read_channel: 
2024-12-23 23:27:45,099 read_channel: te
2024-12-23 23:27:45,109 read_channel: rm
2024-12-23 23:27:45,120 read_channel: ina
2024-12-23 23:27:45,131 read_channel: l 
2024-12-23 23:27:45,142 read_channel: le
2024-12-23 23:27:45,153 read_channel: ng
2024-12-23 23:27:45,164 read_channel: th
2024-12-23 23:27:45,175 read_channel:  0
2024-12-23 23:27:45,175 Pattern found: (terminal\ length\ 0) 
IOU1#terminal length 0
2024-12-23 23:27:45,175 
IOU1#terminal length 0
2024-12-23 23:27:45,175 Exiting disable_paging
2024-12-23 23:27:45,186 read_channel: 
IOU1#
2024-12-23 23:27:45,188 Clear buffer detects data in the channel
2024-12-23 23:27:45,208 read_channel: 
2024-12-23 23:27:45,209 write_channel: b'\r\n'
2024-12-23 23:27:45,209 read_channel: 
2024-12-23 23:27:45,220 read_channel: 
IOU1#
2024-12-23 23:27:45,220 
Parenthesis found in pattern.

pattern: (\#|>)


This can be problemtic when used in read_until_pattern().

You should ensure that you use either non-capture groups i.e. '(?:' or that the
parenthesis completely wrap the pattern '(pattern)'
2024-12-23 23:27:45,220 Pattern found: (\#|>) 
IOU1#
2024-12-23 23:27:45,231 read_channel: 
2024-12-23 23:27:45,231 [find_prompt()]: prompt is IOU1#
2024-12-23 23:27:45,231 write_channel: b'\r\n'
2024-12-23 23:27:45,232 read_channel: 
2024-12-23 23:27:45,242 read_channel: 
IOU1#
2024-12-23 23:27:45,243 Pattern found: ([>#]) 
IOU1#
2024-12-23 23:27:45,243 write_channel: b'configure terminal\r\n'
2024-12-23 23:27:45,243 read_channel: 
2024-12-23 23:27:45,254 read_channel: co
2024-12-23 23:27:45,265 read_channel: nf
2024-12-23 23:27:45,276 read_channel: igu
2024-12-23 23:27:45,286 read_channel: re
2024-12-23 23:27:45,297 read_channel:  t
2024-12-23 23:27:45,308 read_channel: er
2024-12-23 23:27:45,319 read_channel: mi
2024-12-23 23:27:45,330 read_channel: na
2024-12-23 23:27:45,341 read_channel: l
Enter configuration commands, one per line.  End with CNTL/Z.
IOU1(config)#
2024-12-23 23:27:45,341 Pattern found: (configure\ terminal) configure terminal
2024-12-23 23:27:45,341 read_channel: 
2024-12-23 23:27:45,342 Pattern found: (IOU1.*) 
Enter configuration commands, one per line.  End with CNTL/Z.
IOU1(config)#
2024-12-23 23:27:45,342 write_channel: b'\r\n'
2024-12-23 23:27:45,342 read_channel: 
2024-12-23 23:27:45,353 read_channel: 
IOU1(config)#
2024-12-23 23:27:45,353 Pattern found: ([>#]) 
IOU1(config)#
2024-12-23 23:27:45,353 write_channel: b'no vlan 10\r\n'
2024-12-23 23:27:45,353 read_channel: 
2024-12-23 23:27:45,364 read_channel: no 
2024-12-23 23:27:45,375 read_channel: vl
2024-12-23 23:27:45,386 read_channel: an
2024-12-23 23:27:45,396 read_channel:  1
2024-12-23 23:27:45,407 read_channel: 0
IOU1(config)#
2024-12-23 23:27:45,408 Pattern found: (no\ vlan\ 10) no vlan 10
2024-12-23 23:27:45,408 read_channel: 
2024-12-23 23:27:45,408 Pattern found: ((?:IOU1.*$|#.*$)) 
IOU1(config)#
2024-12-23 23:27:45,408 write_channel: b'\r\n'
2024-12-23 23:27:45,408 read_channel: 
2024-12-23 23:27:45,419 read_channel: 
IOU1(config)#
2024-12-23 23:27:45,420 Pattern found: ([>#]) 
IOU1(config)#
2024-12-23 23:27:45,420 write_channel: b'end\r\n'
2024-12-23 23:27:45,420 read_channel: 
2024-12-23 23:27:45,431 read_channel: en
2024-12-23 23:27:45,441 read_channel: d
IOU1#
2024-12-23 23:27:45,442 Pattern found: (end) end
2024-12-23 23:27:45,442 read_channel: 
2024-12-23 23:27:45,442 Pattern found: (#.*) 
IOU1#
2024-12-23 23:27:45,442 write_channel: b'\r\n'
2024-12-23 23:27:45,442 read_channel: 
2024-12-23 23:27:45,453 read_channel: 
IOU1#
2024-12-23 23:27:45,454 Pattern found: ([>#]) 
IOU1#
2024-12-23 23:27:45,454 exit_config_mode: end
IOU1#
2024-12-23 23:27:45,454 configure terminal
Enter configuration commands, one per line.  End with CNTL/Z.
IOU1(config)#no vlan 10
IOU1(config)#end
IOU1#
2024-12-23 23:27:45,454 write_channel: b'\r\n'
2024-12-23 23:27:45,454 read_channel: 
2024-12-23 23:27:45,465 read_channel: 
IOU1#
2024-12-23 23:27:45,465 Pattern found: ([>#]) 
IOU1#
2024-12-23 23:27:45,465 write_channel: b'exit\r\n'
2024-12-23 23:27:45,465 VLAN 10 deleted successfully.
2024-12-23 23:28:25,296 Adding VLAN 10 with name IT
2024-12-23 23:28:25,296 Connecting to switch...
2024-12-23 23:28:26,308 read_channel: 

User Access Verification

Username: 
2024-12-23 23:28:26,308 write_channel: b'WEB\r'
2024-12-23 23:28:27,310 read_channel: WEB
Password: 
2024-12-23 23:28:27,310 write_channel: b'********\r'
2024-12-23 23:28:27,811 read_channel: 
IOU1#
2024-12-23 23:28:27,811 write_channel: b'\r\n'
2024-12-23 23:28:27,912 write_channel: b'terminal width 511\r\n'
2024-12-23 23:28:27,912 read_channel: 
IOU1#
2024-12-23 23:28:27,923 read_channel: te
2024-12-23 23:28:27,934 read_channel: rm
2024-12-23 23:28:27,945 read_channel: in
2024-12-23 23:28:27,955 read_channel: al
2024-12-23 23:28:27,966 read_channel:  w
2024-12-23 23:28:27,976 read_channel: id
2024-12-23 23:28:27,987 read_channel: th
2024-12-23 23:28:27,998 read_channel:  5
2024-12-23 23:28:28,009 read_channel: 11
2024-12-23 23:28:28,009 Pattern found: (terminal width 511) 
IOU1#terminal width 511
2024-12-23 23:28:28,009 In disable_paging
2024-12-23 23:28:28,010 Command: terminal length 0

2024-12-23 23:28:28,010 write_channel: b'terminal length 0\r\n'
2024-12-23 23:28:28,010 read_channel: 
IOU1#
2024-12-23 23:28:28,021 read_channel: t
2024-12-23 23:28:28,031 read_channel: er
2024-12-23 23:28:28,042 read_channel: mi
2024-12-23 23:28:28,052 read_channel: na
2024-12-23 23:28:28,063 read_channel: l 
2024-12-23 23:28:28,074 read_channel: le
2024-12-23 23:28:28,085 read_channel: ng
2024-12-23 23:28:28,096 read_channel: th
2024-12-23 23:28:28,107 read_channel:  0
2024-12-23 23:28:28,107 Pattern found: (terminal\ length\ 0) 
IOU1#terminal length 0
2024-12-23 23:28:28,107 
IOU1#terminal length 0
2024-12-23 23:28:28,107 Exiting disable_paging
2024-12-23 23:28:28,118 read_channel: 
IOU1#
2024-12-23 23:28:28,120 Clear buffer detects data in the channel
2024-12-23 23:28:28,141 read_channel: 
2024-12-23 23:28:28,141 write_channel: b'\r\n'
2024-12-23 23:28:28,142 read_channel: 
2024-12-23 23:28:28,153 read_channel: 
IOU1#
2024-12-23 23:28:28,154 
Parenthesis found in pattern.

pattern: (\#|>)


This can be problemtic when used in read_until_pattern().

You should ensure that you use either non-capture groups i.e. '(?:' or that the
parenthesis completely wrap the pattern '(pattern)'
2024-12-23 23:28:28,154 Pattern found: (\#|>) 
IOU1#
2024-12-23 23:28:28,165 read_channel: 
2024-12-23 23:28:28,165 [find_prompt()]: prompt is IOU1#
2024-12-23 23:28:28,166 write_channel: b'\r\n'
2024-12-23 23:28:28,166 read_channel: 
2024-12-23 23:28:28,177 read_channel: 
IOU1#
2024-12-23 23:28:28,177 Pattern found: ([>#]) 
IOU1#
2024-12-23 23:28:28,177 write_channel: b'configure terminal\r\n'
2024-12-23 23:28:28,178 read_channel: 
2024-12-23 23:28:28,189 read_channel: con
2024-12-23 23:28:28,199 read_channel: fi
2024-12-23 23:28:28,210 read_channel: gu
2024-12-23 23:28:28,221 read_channel: re
2024-12-23 23:28:28,231 read_channel:  t
2024-12-23 23:28:28,242 read_channel: er
2024-12-23 23:28:28,252 read_channel: mi
2024-12-23 23:28:28,263 read_channel: na
2024-12-23 23:28:28,274 read_channel: l
Enter configuration commands, one per line.  End with CNTL/Z.
IOU1(config)#
2024-12-23 23:28:28,275 Pattern found: (configure\ terminal) configure terminal
2024-12-23 23:28:28,275 read_channel: 
2024-12-23 23:28:28,275 Pattern found: (IOU1.*) 
Enter configuration commands, one per line.  End with CNTL/Z.
IOU1(config)#
2024-12-23 23:28:28,275 write_channel: b'\r\n'
2024-12-23 23:28:28,275 read_channel: 
2024-12-23 23:28:28,286 read_channel: 
IOU1(config)#
2024-12-23 23:28:28,287 Pattern found: ([>#]) 
IOU1(config)#
2024-12-23 23:28:28,287 write_channel: b'vlan 10\r\n'
2024-12-23 23:28:28,287 read_channel: 
2024-12-23 23:28:28,298 read_channel: vl
2024-12-23 23:28:28,309 read_channel: an
2024-12-23 23:28:28,319 read_channel:  1
2024-12-23 23:28:28,330 read_channel: 0
IOU1(config-vlan)#
2024-12-23 23:28:28,331 Pattern found: (vlan\ 10) vlan 10
2024-12-23 23:28:28,331 read_channel: 
2024-12-23 23:28:28,332 Pattern found: ((?:IOU1.*$|#.*$)) 
IOU1(config-vlan)#
2024-12-23 23:28:28,332 write_channel: b'name IT\r\n'
2024-12-23 23:28:28,333 read_channel: 
2024-12-23 23:28:28,343 read_channel: na
2024-12-23 23:28:28,354 read_channel: me
2024-12-23 23:28:28,365 read_channel:  I
2024-12-23 23:28:28,375 read_channel: T
IOU1(config-vlan)#
2024-12-23 23:28:28,376 Pattern found: (name\ IT) name IT
2024-12-23 23:28:28,376 read_channel: 
2024-12-23 23:28:28,376 Pattern found: ((?:IOU1.*$|#.*$)) 
IOU1(config-vlan)#
2024-12-23 23:28:28,376 write_channel: b'\r\n'
2024-12-23 23:28:28,376 read_channel: 
2024-12-23 23:28:28,387 read_channel: 
IOU1(config-vlan)#
2024-12-23 23:28:28,387 Pattern found: ([>#]) 
IOU1(config-vlan)#
2024-12-23 23:28:28,387 write_channel: b'end\r\n'
2024-12-23 23:28:28,387 read_channel: 
2024-12-23 23:28:28,398 read_channel: en
2024-12-23 23:28:28,409 read_channel: d
IOU1#
2024-12-23 23:28:28,410 Pattern found: (end) end
2024-12-23 23:28:28,410 read_channel: 
2024-12-23 23:28:28,410 Pattern found: (#.*) 
IOU1#
2024-12-23 23:28:28,410 write_channel: b'\r\n'
2024-12-23 23:28:28,411 read_channel: 
2024-12-23 23:28:28,421 read_channel: 
IOU1#
2024-12-23 23:28:28,421 Pattern found: ([>#]) 
IOU1#
2024-12-23 23:28:28,421 exit_config_mode: end
IOU1#
2024-12-23 23:28:28,421 configure terminal
Enter configuration commands, one per line.  End with CNTL/Z.
IOU1(config)#vlan 10
IOU1(config-vlan)#name IT
IOU1(config-vlan)#end
IOU1#
2024-12-23 23:28:28,422 write_channel: b'\r\n'
2024-12-23 23:28:28,422 read_channel: 
2024-12-23 23:28:28,432 read_channel: 
IOU1#
2024-12-23 23:28:28,433 Pattern found: ([>#]) 
IOU1#
2024-12-23 23:28:28,433 write_channel: b'exit\r\n'
2024-12-23 23:28:28,433 VLAN 10 added successfully.
2024-12-23 23:28:38,872 Adding VLAN 15 with name Marketing
2024-12-23 23:28:38,872 Connecting to switch...
2024-12-23 23:28:39,884 read_channel: 

User Access Verification

Username: 
2024-12-23 23:28:39,885 write_channel: b'WEB\r'
2024-12-23 23:28:40,886 read_channel: WEB
Password: 
2024-12-23 23:28:40,886 write_channel: b'********\r'
2024-12-23 23:28:41,387 read_channel: 
IOU1#
2024-12-23 23:28:41,387 write_channel: b'\r\n'
2024-12-23 23:28:41,488 write_channel: b'terminal width 511\r\n'
2024-12-23 23:28:41,489 read_channel: 
IOU1#
2024-12-23 23:28:41,500 read_channel: t
2024-12-23 23:28:41,511 read_channel: 
2024-12-23 23:28:41,523 read_channel: e
2024-12-23 23:28:41,534 read_channel: r
2024-12-23 23:28:41,545 read_channel: m
2024-12-23 23:28:41,556 read_channel: 
2024-12-23 23:28:41,567 read_channel: i
2024-12-23 23:28:41,581 read_channel: n
2024-12-23 23:28:41,592 read_channel: 
2024-12-23 23:28:41,604 read_channel: a
2024-12-23 23:28:41,615 read_channel: l
2024-12-23 23:28:41,625 read_channel:  
2024-12-23 23:28:41,636 read_channel: 
2024-12-23 23:28:41,647 read_channel: w
2024-12-23 23:28:41,657 read_channel: i
2024-12-23 23:28:41,668 read_channel: 
2024-12-23 23:28:41,678 read_channel: d
2024-12-23 23:28:41,689 read_channel: t
2024-12-23 23:28:41,700 read_channel: 
2024-12-23 23:28:41,711 read_channel: h
2024-12-23 23:28:41,722 read_channel:  
2024-12-23 23:28:41,733 read_channel: 
2024-12-23 23:28:41,744 read_channel: 5
2024-12-23 23:28:41,755 read_channel: 1
2024-12-23 23:28:41,767 read_channel: 
2024-12-23 23:28:41,777 read_channel: 1
2024-12-23 23:28:41,778 Pattern found: (terminal width 511) 
IOU1#terminal width 511
2024-12-23 23:28:41,778 In disable_paging
2024-12-23 23:28:41,779 Command: terminal length 0

2024-12-23 23:28:41,780 write_channel: b'terminal length 0\r\n'
2024-12-23 23:28:41,781 read_channel: 
IOU1#
2024-12-23 23:28:41,793 read_channel: 
2024-12-23 23:28:41,804 read_channel: t
2024-12-23 23:28:41,815 read_channel: e
2024-12-23 23:28:41,827 read_channel: r
2024-12-23 23:28:41,838 read_channel: 
2024-12-23 23:28:41,849 read_channel: m
2024-12-23 23:28:41,860 read_channel: i
2024-12-23 23:28:41,872 read_channel: 
2024-12-23 23:28:41,883 read_channel: n
2024-12-23 23:28:41,894 read_channel: a
2024-12-23 23:28:41,905 read_channel: l
2024-12-23 23:28:41,916 read_channel: 
2024-12-23 23:28:41,927 read_channel:  
2024-12-23 23:28:41,939 read_channel: l
2024-12-23 23:28:41,950 read_channel: 
2024-12-23 23:28:41,961 read_channel: e
2024-12-23 23:28:41,972 read_channel: n
2024-12-23 23:28:41,983 read_channel: g
2024-12-23 23:28:41,994 read_channel: 
2024-12-23 23:28:42,005 read_channel: t
2024-12-23 23:28:42,016 read_channel: h
2024-12-23 23:28:42,027 read_channel: 
2024-12-23 23:28:42,039 read_channel:  
2024-12-23 23:28:42,050 read_channel: 0
2024-12-23 23:28:42,051 Pattern found: (terminal\ length\ 0) 
IOU1#terminal length 0
2024-12-23 23:28:42,051 
IOU1#terminal length 0
2024-12-23 23:28:42,051 Exiting disable_paging
2024-12-23 23:28:42,062 read_channel: 
IOU1#
2024-12-23 23:28:42,068 Clear buffer detects data in the channel
2024-12-23 23:28:42,090 read_channel: 
2024-12-23 23:28:42,091 write_channel: b'\r\n'
2024-12-23 23:28:42,091 read_channel: 
2024-12-23 23:28:42,102 read_channel: 
IOU1#
2024-12-23 23:28:42,102 
Parenthesis found in pattern.

pattern: (\#|>)


This can be problemtic when used in read_until_pattern().

You should ensure that you use either non-capture groups i.e. '(?:' or that the
parenthesis completely wrap the pattern '(pattern)'
2024-12-23 23:28:42,103 Pattern found: (\#|>) 
IOU1#
2024-12-23 23:28:42,114 read_channel: 
2024-12-23 23:28:42,114 [find_prompt()]: prompt is IOU1#
2024-12-23 23:28:42,115 write_channel: b'\r\n'
2024-12-23 23:28:42,116 read_channel: 
2024-12-23 23:28:42,127 read_channel: 
IOU1#
2024-12-23 23:28:42,128 Pattern found: ([>#]) 
IOU1#
2024-12-23 23:28:42,128 write_channel: b'configure terminal\r\n'
2024-12-23 23:28:42,129 read_channel: 
2024-12-23 23:28:42,141 read_channel: c
2024-12-23 23:28:42,152 read_channel: 
2024-12-23 23:28:42,163 read_channel: o
2024-12-23 23:28:42,175 read_channel: n
2024-12-23 23:28:42,187 read_channel: 
2024-12-23 23:28:42,199 read_channel: f
2024-12-23 23:28:42,210 read_channel: i
2024-12-23 23:28:42,221 read_channel: g
2024-12-23 23:28:42,232 read_channel: u
2024-12-23 23:28:42,242 read_channel: 
2024-12-23 23:28:42,253 read_channel: r
2024-12-23 23:28:42,265 read_channel: e
2024-12-23 23:28:42,276 read_channel: 
2024-12-23 23:28:42,286 read_channel:  
2024-12-23 23:28:42,297 read_channel: t
2024-12-23 23:28:42,309 read_channel: e
2024-12-23 23:28:42,319 read_channel: 
2024-12-23 23:28:42,331 read_channel: r
2024-12-23 23:28:42,341 read_channel: m
2024-12-23 23:28:42,352 read_channel: 
2024-12-23 23:28:42,362 read_channel: i
2024-12-23 23:28:42,373 read_channel: n
2024-12-23 23:28:42,383 read_channel: 
2024-12-23 23:28:42,394 read_channel: a
2024-12-23 23:28:42,404 read_channel: l
2024-12-23 23:28:42,404 Pattern found: (configure\ terminal) configure terminal
2024-12-23 23:28:42,404 read_channel: 
2024-12-23 23:28:42,416 read_channel: 
2024-12-23 23:28:42,427 read_channel: 
Enter configuration commands, one per line.  End with CNTL/Z.
IOU1(config)#
2024-12-23 23:28:42,427 Pattern found: (IOU1.*) 
Enter configuration commands, one per line.  End with CNTL/Z.
IOU1(config)#
2024-12-23 23:28:42,428 write_channel: b'\r\n'
2024-12-23 23:28:42,428 read_channel: 
2024-12-23 23:28:42,438 read_channel: 
IOU1(config)#
2024-12-23 23:28:42,438 Pattern found: ([>#]) 
IOU1(config)#
2024-12-23 23:28:42,438 write_channel: b'vlan 15\r\n'
2024-12-23 23:28:42,438 read_channel: 
2024-12-23 23:28:42,449 read_channel: vl
2024-12-23 23:28:42,460 read_channel: 
2024-12-23 23:28:42,471 read_channel: a
2024-12-23 23:28:42,481 read_channel: n
2024-12-23 23:28:42,492 read_channel: 
2024-12-23 23:28:42,503 read_channel:  
2024-12-23 23:28:42,514 read_channel: 1
2024-12-23 23:28:42,525 read_channel: 
2024-12-23 23:28:42,535 read_channel: 5
2024-12-23 23:28:42,535 Pattern found: (vlan\ 15) vlan 15
2024-12-23 23:28:42,535 read_channel: 
2024-12-23 23:28:42,547 read_channel: 
IOU1(config-vlan)#
2024-12-23 23:28:42,547 Pattern found: ((?:IOU1.*$|#.*$)) 
IOU1(config-vlan)#
2024-12-23 23:28:42,548 write_channel: b'name Marketing\r\n'
2024-12-23 23:28:42,548 read_channel: 
2024-12-23 23:28:42,558 read_channel: na
2024-12-23 23:28:42,569 read_channel: 
2024-12-23 23:28:42,580 read_channel: m
2024-12-23 23:28:42,591 read_channel: e
2024-12-23 23:28:42,602 read_channel: 
2024-12-23 23:28:42,613 read_channel:  
2024-12-23 23:28:42,624 read_channel: M
2024-12-23 23:28:42,635 read_channel: a
2024-12-23 23:28:42,645 read_channel: 
2024-12-23 23:28:42,656 read_channel: r
2024-12-23 23:28:42,667 read_channel: k
2024-12-23 23:28:42,678 read_channel: 
2024-12-23 23:28:42,689 read_channel: e
2024-12-23 23:28:42,700 read_channel: t
2024-12-23 23:28:42,712 read_channel: 
2024-12-23 23:28:42,723 read_channel: i
2024-12-23 23:28:42,734 read_channel: n
2024-12-23 23:28:42,745 read_channel: g
2024-12-23 23:28:42,746 Pattern found: (name\ Marketing) name Marketing
2024-12-23 23:28:42,747 read_channel: 
2024-12-23 23:28:42,759 read_channel: 
2024-12-23 23:28:42,770 read_channel: 
IOU1(config-vlan)#
2024-12-23 23:28:42,770 Pattern found: ((?:IOU1.*$|#.*$)) 
IOU1(config-vlan)#
2024-12-23 23:28:42,771 write_channel: b'\r\n'
2024-12-23 23:28:42,771 read_channel: 
2024-12-23 23:28:42,783 read_channel: 
IOU1(config-vlan)#
2024-12-23 23:28:42,784 Pattern found: ([>#]) 
IOU1(config-vlan)#
2024-12-23 23:28:42,784 write_channel: b'end\r\n'
2024-12-23 23:28:42,784 read_channel: 
2024-12-23 23:28:42,795 read_channel: e
2024-12-23 23:28:42,806 read_channel: 
2024-12-23 23:28:42,817 read_channel: n
2024-12-23 23:28:42,828 read_channel: d
2024-12-23 23:28:42,829 Pattern found: (end) end
2024-12-23 23:28:42,829 read_channel: 
2024-12-23 23:28:42,841 read_channel: 

2024-12-23 23:28:42,852 read_channel: IOU1#
2024-12-23 23:28:42,853 Pattern found: (#.*) 
IOU1#
2024-12-23 23:28:42,853 write_channel: b'\r\n'
2024-12-23 23:28:42,854 read_channel: 
2024-12-23 23:28:42,866 read_channel: 
IOU1#
2024-12-23 23:28:42,866 Pattern found: ([>#]) 
IOU1#
2024-12-23 23:28:42,867 exit_config_mode: end
IOU1#
2024-12-23 23:28:42,868 configure terminal
Enter configuration commands, one per line.  End with CNTL/Z.
IOU1(config)#vlan 15
IOU1(config-vlan)#name Marketing
IOU1(config-vlan)#end
IOU1#
2024-12-23 23:28:42,869 write_channel: b'\r\n'
2024-12-23 23:28:42,870 read_channel: 
2024-12-23 23:28:42,882 read_channel: 
IOU1#
2024-12-23 23:28:42,883 Pattern found: ([>#]) 
IOU1#
2024-12-23 23:28:42,884 write_channel: b'exit\r\n'
2024-12-23 23:28:42,884 VLAN 15 added successfully.
2024-12-23 23:28:54,982 Adding VLAN 20 with name RH
2024-12-23 23:28:54,982 Connecting to switch...
2024-12-23 23:28:55,991 read_channel: 

User Access Verification

Username: 
2024-12-23 23:28:55,992 write_channel: b'WEB\r'
2024-12-23 23:28:56,994 read_channel: WEB
Password: 
2024-12-23 23:28:56,994 write_channel: b'********\r'
2024-12-23 23:28:57,495 read_channel: 
IOU1#
2024-12-23 23:28:57,495 write_channel: b'\r\n'
2024-12-23 23:28:57,596 write_channel: b'terminal width 511\r\n'
2024-12-23 23:28:57,597 read_channel: 
IOU1#
2024-12-23 23:28:57,607 read_channel: te
2024-12-23 23:28:57,618 read_channel: rm
2024-12-23 23:28:57,629 read_channel: in
2024-12-23 23:28:57,639 read_channel: al 
2024-12-23 23:28:57,651 read_channel: wi
2024-12-23 23:28:57,661 read_channel: dt
2024-12-23 23:28:57,672 read_channel: h 
2024-12-23 23:28:57,683 read_channel: 51
2024-12-23 23:28:57,694 read_channel: 1
IOU1#
2024-12-23 23:28:57,694 Pattern found: (terminal width 511) 
IOU1#terminal width 511
2024-12-23 23:28:57,694 In disable_paging
2024-12-23 23:28:57,694 Command: terminal length 0

2024-12-23 23:28:57,695 write_channel: b'terminal length 0\r\n'
2024-12-23 23:28:57,695 read_channel: 
2024-12-23 23:28:57,706 read_channel: te
2024-12-23 23:28:57,716 read_channel: rm
2024-12-23 23:28:57,727 read_channel: ina
2024-12-23 23:28:57,738 read_channel: l
2024-12-23 23:28:57,749 read_channel:  le
2024-12-23 23:28:57,759 read_channel: ng
2024-12-23 23:28:57,771 read_channel: th
2024-12-23 23:28:57,781 read_channel:  0
2024-12-23 23:28:57,782 Pattern found: (terminal\ length\ 0) 
IOU1#terminal length 0
2024-12-23 23:28:57,782 
IOU1#terminal length 0
2024-12-23 23:28:57,782 Exiting disable_paging
2024-12-23 23:28:57,793 read_channel: 
IOU1#
2024-12-23 23:28:57,795 Clear buffer detects data in the channel
2024-12-23 23:28:57,815 read_channel: 
2024-12-23 23:28:57,815 write_channel: b'\r\n'
2024-12-23 23:28:57,815 read_channel: 
2024-12-23 23:28:57,826 read_channel: 
IOU1#
2024-12-23 23:28:57,826 
Parenthesis found in pattern.

pattern: (\#|>)


This can be problemtic when used in read_until_pattern().

You should ensure that you use either non-capture groups i.e. '(?:' or that the
parenthesis completely wrap the pattern '(pattern)'
2024-12-23 23:28:57,827 Pattern found: (\#|>) 
IOU1#
2024-12-23 23:28:57,838 read_channel: 
2024-12-23 23:28:57,838 [find_prompt()]: prompt is IOU1#
2024-12-23 23:28:57,838 write_channel: b'\r\n'
2024-12-23 23:28:57,839 read_channel: 
2024-12-23 23:28:57,849 read_channel: 
IOU1#
2024-12-23 23:28:57,850 Pattern found: ([>#]) 
IOU1#
2024-12-23 23:28:57,850 write_channel: b'configure terminal\r\n'
2024-12-23 23:28:57,850 read_channel: 
2024-12-23 23:28:57,861 read_channel: co
2024-12-23 23:28:57,872 read_channel: nf
2024-12-23 23:28:57,882 read_channel: igu
2024-12-23 23:28:57,893 read_channel: re
2024-12-23 23:28:57,904 read_channel:  t
2024-12-23 23:28:57,915 read_channel: erm
2024-12-23 23:28:57,925 read_channel: i
2024-12-23 23:28:57,936 read_channel: na
2024-12-23 23:28:57,947 read_channel: l
Enter configuration commands, one per line.  End with CNTL/Z.
IOU1(config)#
2024-12-23 23:28:57,948 Pattern found: (configure\ terminal) configure terminal
2024-12-23 23:28:57,948 read_channel: 
2024-12-23 23:28:57,948 Pattern found: (IOU1.*) 
Enter configuration commands, one per line.  End with CNTL/Z.
IOU1(config)#
2024-12-23 23:28:57,948 write_channel: b'\r\n'
2024-12-23 23:28:57,949 read_channel: 
2024-12-23 23:28:57,959 read_channel: 
IOU1(config)#
2024-12-23 23:28:57,959 Pattern found: ([>#]) 
IOU1(config)#
2024-12-23 23:28:57,959 write_channel: b'vlan 20\r\n'
2024-12-23 23:28:57,960 read_channel: 
2024-12-23 23:28:57,970 read_channel: vl
2024-12-23 23:28:57,981 read_channel: an 
2024-12-23 23:28:57,991 read_channel: 20
2024-12-23 23:28:57,992 Pattern found: (vlan\ 20) vlan 20
2024-12-23 23:28:57,992 read_channel: 
2024-12-23 23:28:58,003 read_channel: 
IOU1(config-vlan)#
2024-12-23 23:28:58,004 Pattern found: ((?:IOU1.*$|#.*$)) 
IOU1(config-vlan)#
2024-12-23 23:28:58,004 write_channel: b'name RH\r\n'
2024-12-23 23:28:58,004 read_channel: 
2024-12-23 23:28:58,015 read_channel: na
2024-12-23 23:28:58,026 read_channel: me
2024-12-23 23:28:58,037 read_channel:  R
2024-12-23 23:28:58,047 read_channel: H
IOU1(config-vlan)#
2024-12-23 23:28:58,048 Pattern found: (name\ RH) name RH
2024-12-23 23:28:58,048 read_channel: 
2024-12-23 23:28:58,048 Pattern found: ((?:IOU1.*$|#.*$)) 
IOU1(config-vlan)#
2024-12-23 23:28:58,048 write_channel: b'\r\n'
2024-12-23 23:28:58,048 read_channel: 
2024-12-23 23:28:58,059 read_channel: 
IOU1(config-vlan)#
2024-12-23 23:28:58,060 Pattern found: ([>#]) 
IOU1(config-vlan)#
2024-12-23 23:28:58,060 write_channel: b'end\r\n'
2024-12-23 23:28:58,060 read_channel: 
2024-12-23 23:28:58,071 read_channel: en
2024-12-23 23:28:58,081 read_channel: d
IOU1#
2024-12-23 23:28:58,082 Pattern found: (end) end
2024-12-23 23:28:58,082 read_channel: 
2024-12-23 23:28:58,082 Pattern found: (#.*) 
IOU1#
2024-12-23 23:28:58,082 write_channel: b'\r\n'
2024-12-23 23:28:58,083 read_channel: 
2024-12-23 23:28:58,094 read_channel: 
IOU1#
2024-12-23 23:28:58,094 Pattern found: ([>#]) 
IOU1#
2024-12-23 23:28:58,094 exit_config_mode: end
IOU1#
2024-12-23 23:28:58,094 configure terminal
Enter configuration commands, one per line.  End with CNTL/Z.
IOU1(config)#vlan 20
IOU1(config-vlan)#name RH
IOU1(config-vlan)#end
IOU1#
2024-12-23 23:28:58,094 write_channel: b'\r\n'
2024-12-23 23:28:58,094 read_channel: 
2024-12-23 23:28:58,105 read_channel: 
IOU1#
2024-12-23 23:28:58,106 Pattern found: ([>#]) 
IOU1#
2024-12-23 23:28:58,106 write_channel: b'exit\r\n'
2024-12-23 23:28:58,106 VLAN 20 added successfully.
2024-12-23 23:29:53,485 Deleting VLAN with id 10
2024-12-23 23:29:53,485 Connecting to switch...
2024-12-23 23:29:54,494 read_channel: 

User Access Verification

Username: 
2024-12-23 23:29:54,495 write_channel: b'WEB\r'
2024-12-23 23:29:55,498 read_channel: WEB
Password: 
2024-12-23 23:29:55,498 write_channel: b'********\r'
2024-12-23 23:29:55,998 read_channel: 
IOU1#
2024-12-23 23:29:55,998 write_channel: b'\r\n'
2024-12-23 23:29:56,099 write_channel: b'terminal width 511\r\n'
2024-12-23 23:29:56,099 read_channel: 
IOU1#
2024-12-23 23:29:56,111 read_channel: te
2024-12-23 23:29:56,122 read_channel: rm
2024-12-23 23:29:56,133 read_channel: in
2024-12-23 23:29:56,143 read_channel: al 
2024-12-23 23:29:56,154 read_channel: wi
2024-12-23 23:29:56,165 read_channel: dt
2024-12-23 23:29:56,176 read_channel: h 
2024-12-23 23:29:56,187 read_channel: 51
2024-12-23 23:29:56,197 read_channel: 1
IOU1#
2024-12-23 23:29:56,198 Pattern found: (terminal width 511) 
IOU1#terminal width 511
2024-12-23 23:29:56,198 In disable_paging
2024-12-23 23:29:56,198 Command: terminal length 0

2024-12-23 23:29:56,198 write_channel: b'terminal length 0\r\n'
2024-12-23 23:29:56,198 read_channel: 
2024-12-23 23:29:56,209 read_channel: te
2024-12-23 23:29:56,220 read_channel: rm
2024-12-23 23:29:56,231 read_channel: in
2024-12-23 23:29:56,242 read_channel: al
2024-12-23 23:29:56,253 read_channel:  l
2024-12-23 23:29:56,263 read_channel: en
2024-12-23 23:29:56,274 read_channel: gt
2024-12-23 23:29:56,285 read_channel: h 0
2024-12-23 23:29:56,285 Pattern found: (terminal\ length\ 0) 
IOU1#terminal length 0
2024-12-23 23:29:56,285 
IOU1#terminal length 0
2024-12-23 23:29:56,286 Exiting disable_paging
2024-12-23 23:29:56,297 read_channel: 
IOU1#
2024-12-23 23:29:56,298 Clear buffer detects data in the channel
2024-12-23 23:29:56,319 read_channel: 
2024-12-23 23:29:56,319 write_channel: b'\r\n'
2024-12-23 23:29:56,320 read_channel: 
2024-12-23 23:29:56,331 read_channel: 
IOU1#
2024-12-23 23:29:56,331 
Parenthesis found in pattern.

pattern: (\#|>)


This can be problemtic when used in read_until_pattern().

You should ensure that you use either non-capture groups i.e. '(?:' or that the
parenthesis completely wrap the pattern '(pattern)'
2024-12-23 23:29:56,331 Pattern found: (\#|>) 
IOU1#
2024-12-23 23:29:56,342 read_channel: 
2024-12-23 23:29:56,342 [find_prompt()]: prompt is IOU1#
2024-12-23 23:29:56,343 write_channel: b'\r\n'
2024-12-23 23:29:56,343 read_channel: 
2024-12-23 23:29:56,354 read_channel: 
IOU1#
2024-12-23 23:29:56,354 Pattern found: ([>#]) 
IOU1#
2024-12-23 23:29:56,355 write_channel: b'configure terminal\r\n'
2024-12-23 23:29:56,355 read_channel: 
2024-12-23 23:29:56,365 read_channel: co
2024-12-23 23:29:56,376 read_channel: nf
2024-12-23 23:29:56,387 read_channel: ig
2024-12-23 23:29:56,398 read_channel: ur
2024-12-23 23:29:56,409 read_channel: e t
2024-12-23 23:29:56,419 read_channel: e
2024-12-23 23:29:56,430 read_channel: rm
2024-12-23 23:29:56,441 read_channel: in
2024-12-23 23:29:56,452 read_channel: al
2024-12-23 23:29:56,452 Pattern found: (configure\ terminal) configure terminal
2024-12-23 23:29:56,453 read_channel: 
2024-12-23 23:29:56,465 read_channel: 
Enter configuration commands, one per line.  End with CNTL/Z.
IOU1(config)#
2024-12-23 23:29:56,465 Pattern found: (IOU1.*) 
Enter configuration commands, one per line.  End with CNTL/Z.
IOU1(config)#
2024-12-23 23:29:56,466 write_channel: b'\r\n'
2024-12-23 23:29:56,466 read_channel: 
2024-12-23 23:29:56,477 read_channel: 
IOU1(config)#
2024-12-23 23:29:56,477 Pattern found: ([>#]) 
IOU1(config)#
2024-12-23 23:29:56,477 write_channel: b'no vlan 10\r\n'
2024-12-23 23:29:56,477 read_channel: 
2024-12-23 23:29:56,488 read_channel: no
2024-12-23 23:29:56,499 read_channel:  v
2024-12-23 23:29:56,510 read_channel: la
2024-12-23 23:29:56,520 read_channel: n 
2024-12-23 23:29:56,531 read_channel: 10
2024-12-23 23:29:56,531 Pattern found: (no\ vlan\ 10) no vlan 10
2024-12-23 23:29:56,532 read_channel: 

2024-12-23 23:29:56,543 read_channel: IOU1(config)#
2024-12-23 23:29:56,544 Pattern found: ((?:IOU1.*$|#.*$)) 
IOU1(config)#
2024-12-23 23:29:56,544 write_channel: b'\r\n'
2024-12-23 23:29:56,544 read_channel: 
2024-12-23 23:29:56,555 read_channel: 
IOU1(config)#
2024-12-23 23:29:56,555 Pattern found: ([>#]) 
IOU1(config)#
2024-12-23 23:29:56,555 write_channel: b'end\r\n'
2024-12-23 23:29:56,555 read_channel: 
2024-12-23 23:29:56,566 read_channel: end
2024-12-23 23:29:56,566 Pattern found: (end) end
2024-12-23 23:29:56,567 read_channel: 
2024-12-23 23:29:56,578 read_channel: 
2024-12-23 23:29:56,589 read_channel: 
IOU1#
2024-12-23 23:29:56,589 Pattern found: (#.*) 
IOU1#
2024-12-23 23:29:56,589 write_channel: b'\r\n'
2024-12-23 23:29:56,589 read_channel: 
2024-12-23 23:29:56,600 read_channel: 
IOU1#
2024-12-23 23:29:56,600 Pattern found: ([>#]) 
IOU1#
2024-12-23 23:29:56,600 exit_config_mode: end
IOU1#
2024-12-23 23:29:56,601 configure terminal
Enter configuration commands, one per line.  End with CNTL/Z.
IOU1(config)#no vlan 10
IOU1(config)#end
IOU1#
2024-12-23 23:29:56,601 write_channel: b'\r\n'
2024-12-23 23:29:56,601 read_channel: 
2024-12-23 23:29:56,612 read_channel: 
IOU1#
2024-12-23 23:29:56,612 Pattern found: ([>#]) 
IOU1#
2024-12-23 23:29:56,612 write_channel: b'exit\r\n'
2024-12-23 23:29:56,613 VLAN 10 deleted successfully.
